<?xml version="1.0" encoding="UTF-8"?>
<!-- Generated by org.testng.reporters.JUnitXMLReporter -->
<testsuite hostname="ARANJAN-LTW7" ignored="0" name="All API Class" tests="7" failures="1" timestamp="09 Apr 2018 06:28:40 GMT" time="6.151" errors="0">
  <testcase name="validateDelete" time="2.026" classname="FIRST_API.SimpleDelete"/>
  <testcase name="GetWeatherDetails" time="0.546" classname="FIRST_API.SimpleGetNotFound"/>
  <testcase name="GetWeatherDetails" time="0.673" classname="FIRST_API.SimpleGetTest"/>
  <testcase name="GetWeatherDetails" time="1.025" classname="FIRST_API.SimplePostTest"/>
  <testcase name="validateDelete" time="0.7" classname="FIRST_API.SimplePutTest"/>
  <testcase name="validateSuccessful" time="0.646" classname="FIRST_API.UnthenticationSuccessful"/>
  <testcase name="validateUnsuccessful" time="0.485" classname="FIRST_API.UnthenticationUnSuccessful">
    <failure type="java.lang.AssertionError" message="Something wrong looks like expected [201] but found [400]">
      <![CDATA[java.lang.AssertionError: Something wrong looks like expected [201] but found [400]
	at FIRST_API.UnthenticationUnSuccessful.validateUnsuccessful(UnthenticationUnSuccessful.java:37)
... Removed 30 stack frames]]>
    </failure>
  </testcase> <!-- validateUnsuccessful -->
</testsuite> <!-- All API Class -->
