<?xml version="1.0" encoding="UTF-8"?>
<testng-results skipped="0" failed="0" ignored="0" total="1" passed="1">
  <reporter-output>
  </reporter-output>
  <suite name="Default suite" duration-ms="2685" started-at="2018-04-09T05:35:25Z" finished-at="2018-04-09T05:35:28Z">
    <groups>
    </groups>
    <test name="Default test" duration-ms="2685" started-at="2018-04-09T05:35:25Z" finished-at="2018-04-09T05:35:28Z">
      <class name="FIRST_API.SimpleGetNotFound">
        <test-method status="PASS" signature="GetWeatherDetails()[pri:0, instance:FIRST_API.SimpleGetNotFound@5034c75a]" name="GetWeatherDetails" duration-ms="2663" started-at="2018-04-09T11:05:25Z" finished-at="2018-04-09T11:05:28Z">
          <reporter-output>
          </reporter-output>
        </test-method> <!-- GetWeatherDetails -->
      </class> <!-- FIRST_API.SimpleGetNotFound -->
    </test> <!-- Default test -->
  </suite> <!-- Default suite -->
</testng-results>
